This is pdfTeX, Version 3.141592653-2.6-1.40.26 (TeX Live 2024) (preloaded format=pdflatex 2024.8.9)  14 DEC 2024 11:37
entering extended mode
 \write18 enabled.
 %&-line parsing enabled.
**main.tex
(./main.tex
LaTeX2e <2023-11-01> patch level 1
L3 programming layer <2024-03-14>
(/usr/local/texlive/2024/texmf-dist/tex/latex/base/article.cls
Document Class: article 2023/05/17 v1.4n Standard LaTeX document class
(/usr/local/texlive/2024/texmf-dist/tex/latex/base/size10.clo
File: size10.clo 2023/05/17 v1.4n Standard LaTeX file (size option)
)
\c@part=\count188
\c@section=\count189
\c@subsection=\count190
\c@subsubsection=\count191
\c@paragraph=\count192
\c@subparagraph=\count193
\c@figure=\count194
\c@table=\count195
\abovecaptionskip=\skip48
\belowcaptionskip=\skip49
\bibindent=\dimen140
) (/usr/local/texlive/2024/texmf-dist/tex/latex/graphics/graphicx.sty
Package: graphicx 2021/09/16 v1.2d Enhanced LaTeX Graphics (DPC,SPQR)
(/usr/local/texlive/2024/texmf-dist/tex/latex/graphics/keyval.sty
Package: keyval 2022/05/29 v1.15 key=value parser (DPC)
\KV@toks@=\toks17
) (/usr/local/texlive/2024/texmf-dist/tex/latex/graphics/graphics.sty
Package: graphics 2022/03/10 v1.4e Standard LaTeX Graphics (DPC,SPQR)
(/usr/local/texlive/2024/texmf-dist/tex/latex/graphics/trig.sty
Package: trig 2021/08/11 v1.11 sin cos tan (DPC)
) (/usr/local/texlive/2024/texmf-dist/tex/latex/graphics-cfg/graphics.cfg
File: graphics.cfg 2016/06/04 v1.11 sample graphics configuration
)
Package graphics Info: Driver file: pdftex.def on input line 107.
(/usr/local/texlive/2024/texmf-dist/tex/latex/graphics-def/pdftex.def
File: pdftex.def 2022/09/22 v1.2b Graphics/color driver for pdftex
))
\Gin@req@height=\dimen141
\Gin@req@width=\dimen142
) (/usr/local/texlive/2024/texmf-dist/tex/latex/amsmath/amsmath.sty
Package: amsmath 2023/05/13 v2.17o AMS math features
\@mathmargin=\skip50
For additional information on amsmath, use the `?' option.
(/usr/local/texlive/2024/texmf-dist/tex/latex/amsmath/amstext.sty
Package: amstext 2021/08/26 v2.01 AMS text
(/usr/local/texlive/2024/texmf-dist/tex/latex/amsmath/amsgen.sty
File: amsgen.sty 1999/11/30 v2.0 generic functions
\@emptytoks=\toks18
\ex@=\dimen143
)) (/usr/local/texlive/2024/texmf-dist/tex/latex/amsmath/amsbsy.sty
Package: amsbsy 1999/11/29 v1.2d Bold Symbols
\pmbraise@=\dimen144
) (/usr/local/texlive/2024/texmf-dist/tex/latex/amsmath/amsopn.sty
Package: amsopn 2022/04/08 v2.04 operator names
)
\inf@bad=\count196
LaTeX Info: Redefining \frac on input line 234.
\uproot@=\count197
\leftroot@=\count198
LaTeX Info: Redefining \overline on input line 399.
LaTeX Info: Redefining \colon on input line 410.
\classnum@=\count199
\DOTSCASE@=\count266
LaTeX Info: Redefining \ldots on input line 496.
LaTeX Info: Redefining \dots on input line 499.
LaTeX Info: Redefining \cdots on input line 620.
\Mathstrutbox@=\box51
\strutbox@=\box52
LaTeX Info: Redefining \big on input line 722.
LaTeX Info: Redefining \Big on input line 723.
LaTeX Info: Redefining \bigg on input line 724.
LaTeX Info: Redefining \Bigg on input line 725.
\big@size=\dimen145
LaTeX Font Info:    Redeclaring font encoding OML on input line 743.
LaTeX Font Info:    Redeclaring font encoding OMS on input line 744.
\macc@depth=\count267
LaTeX Info: Redefining \bmod on input line 905.
LaTeX Info: Redefining \pmod on input line 910.
LaTeX Info: Redefining \smash on input line 940.
LaTeX Info: Redefining \relbar on input line 970.
LaTeX Info: Redefining \Relbar on input line 971.
\c@MaxMatrixCols=\count268
\dotsspace@=\muskip16
\c@parentequation=\count269
\dspbrk@lvl=\count270
\tag@help=\toks19
\row@=\count271
\column@=\count272
\maxfields@=\count273
\andhelp@=\toks20
\eqnshift@=\dimen146
\alignsep@=\dimen147
\tagshift@=\dimen148
\tagwidth@=\dimen149
\totwidth@=\dimen150
\lineht@=\dimen151
\@envbody=\toks21
\multlinegap=\skip51
\multlinetaggap=\skip52
\mathdisplay@stack=\toks22
LaTeX Info: Redefining \[ on input line 2953.
LaTeX Info: Redefining \] on input line 2954.
) (/usr/local/texlive/2024/texmf-dist/tex/latex/cite/cite.sty
LaTeX Info: Redefining \cite on input line 302.
LaTeX Info: Redefining \nocite on input line 332.
Package: cite 2015/02/27  v 5.5
) (/usr/local/texlive/2024/texmf-dist/tex/latex/float/float.sty
Package: float 2001/11/08 v1.3d Float enhancements (AL)
\c@float@type=\count274
\float@exts=\toks23
\float@box=\box53
\@float@everytoks=\toks24
\@floatcapt=\box54
) (/usr/local/texlive/2024/texmf-dist/tex/latex/l3backend/l3backend-pdftex.def
File: l3backend-pdftex.def 2024-03-14 L3 backend support: PDF output (pdfTeX)
\l__color_backend_stack_int=\count275
\l__pdf_internal_box=\box55
) (./output.aux

LaTeX Warning: Label `fig:enter-label' multiply defined.


LaTeX Warning: Label `fig:enter-label' multiply defined.


LaTeX Warning: Label `fig:enter-label' multiply defined.

)
\openout1 = `output.aux'.

LaTeX Font Info:    Checking defaults for OML/cmm/m/it on input line 11.
LaTeX Font Info:    ... okay on input line 11.
LaTeX Font Info:    Checking defaults for OMS/cmsy/m/n on input line 11.
LaTeX Font Info:    ... okay on input line 11.
LaTeX Font Info:    Checking defaults for OT1/cmr/m/n on input line 11.
LaTeX Font Info:    ... okay on input line 11.
LaTeX Font Info:    Checking defaults for T1/cmr/m/n on input line 11.
LaTeX Font Info:    ... okay on input line 11.
LaTeX Font Info:    Checking defaults for TS1/cmr/m/n on input line 11.
LaTeX Font Info:    ... okay on input line 11.
LaTeX Font Info:    Checking defaults for OMX/cmex/m/n on input line 11.
LaTeX Font Info:    ... okay on input line 11.
LaTeX Font Info:    Checking defaults for U/cmr/m/n on input line 11.
LaTeX Font Info:    ... okay on input line 11.
(/usr/local/texlive/2024/texmf-dist/tex/context/base/mkii/supp-pdf.mkii
[Loading MPS to PDF converter (version 2006.09.02).]
\scratchcounter=\count276
\scratchdimen=\dimen152
\scratchbox=\box56
\nofMPsegments=\count277
\nofMParguments=\count278
\everyMPshowfont=\toks25
\MPscratchCnt=\count279
\MPscratchDim=\dimen153
\MPnumerator=\count280
\makeMPintoPDFobject=\count281
\everyMPtoPDFconversion=\toks26
) (/usr/local/texlive/2024/texmf-dist/tex/latex/epstopdf-pkg/epstopdf-base.sty
Package: epstopdf-base 2020-01-24 v2.11 Base part for package epstopdf
Package epstopdf-base Info: Redefining graphics rule for `.eps' on input line 485.
(/usr/local/texlive/2024/texmf-dist/tex/latex/latexconfig/epstopdf-sys.cfg
File: epstopdf-sys.cfg 2010/07/13 v1.3 Configuration of (r)epstopdf for TeX Live
))
Underfull \hbox (badness 10000) in paragraph at lines 39--59

 []

[1

{/usr/local/texlive/2024/texmf-var/fonts/map/pdftex/updmap/pdftex.map}] [2{/usr/local/texlive/2024/texmf-dist/fonts/enc/dvips/cm-super/cm-super-ts1.enc}] [3]
Underfull \hbox (badness 10000) in paragraph at lines 155--161

 []


Underfull \hbox (badness 10000) in paragraph at lines 164--169

 []


Underfull \hbox (badness 10000) in paragraph at lines 164--169

 []

<./Snapshots/system_integration.png, id=24, 900.36375pt x 520.19344pt>
File: ./Snapshots/system_integration.png Graphic file (type png)
<use ./Snapshots/system_integration.png>
Package pdftex.def Info: ./Snapshots/system_integration.png  used on input line 194.
(pdftex.def)             Requested size: 310.4979pt x 179.39548pt.
<./Snapshots/Main_Block.png, id=26, 865.73438pt x 478.78876pt>
File: ./Snapshots/Main_Block.png Graphic file (type png)
<use ./Snapshots/Main_Block.png>
Package pdftex.def Info: ./Snapshots/Main_Block.png  used on input line 204.
(pdftex.def)             Requested size: 345.0pt x 190.79614pt.
[4 <./Snapshots/system_integration.png>]
<./Snapshots/Screenshot 2024-12-08 042938.png, id=32, 829.59938pt x 511.9125pt>
File: ./Snapshots/Screenshot 2024-12-08 042938.png Graphic file (type png)
<use ./Snapshots/Screenshot 2024-12-08 042938.png>
Package pdftex.def Info: ./Snapshots/Screenshot 2024-12-08 042938.png  used on input line 234.
(pdftex.def)             Requested size: 310.4979pt x 191.59178pt.
[5 <./Snapshots/Main_Block.png>]
<./Snapshots/air_resistance.png, id=37, 635.37375pt x 258.21469pt>
File: ./Snapshots/air_resistance.png Graphic file (type png)
<use ./Snapshots/air_resistance.png>
Package pdftex.def Info: ./Snapshots/air_resistance.png  used on input line 249.
(pdftex.def)             Requested size: 241.49895pt x 98.14622pt.
<./Snapshots/friction_gravity.png, id=38, 734.745pt x 408.02437pt>
File: ./Snapshots/friction_gravity.png Graphic file (type png)
<use ./Snapshots/friction_gravity.png>
Package pdftex.def Info: ./Snapshots/friction_gravity.png  used on input line 263.
(pdftex.def)             Requested size: 241.49895pt x 134.1068pt.
[6 <./Snapshots/Screenshot 2024-12-08 042938.png> <./Snapshots/air_resistance.png>] [7 <./Snapshots/friction_gravity.png>]
Underfull \hbox (badness 10000) in paragraph at lines 362--372

 []


Underfull \hbox (badness 10000) in paragraph at lines 362--372

 []


Underfull \hbox (badness 10000) in paragraph at lines 362--372

 []

[8]
<success_1.png, id=53, 755.82375pt x 610.53094pt>
File: success_1.png Graphic file (type png)
<use success_1.png>
Package pdftex.def Info: success_1.png  used on input line 392.
(pdftex.def)             Requested size: 276.00105pt x 222.93976pt.
[9]
<thrust_1.png, id=57, 423.83344pt x 377.15906pt>
File: thrust_1.png Graphic file (type png)
<use thrust_1.png>
Package pdftex.def Info: thrust_1.png  used on input line 402.
(pdftex.def)             Requested size: 276.00105pt x 245.61664pt.

Underfull \hbox (badness 10000) in paragraph at lines 396--405

 []

[10 <./success_1.png>]
Underfull \hbox (badness 10000) in paragraph at lines 407--412

 []


Underfull \hbox (badness 10000) in paragraph at lines 407--412

 []

<failuer_1.png, id=62, 762.59906pt x 614.295pt>
File: failuer_1.png Graphic file (type png)
<use failuer_1.png>
Package pdftex.def Info: failuer_1.png  used on input line 432.
(pdftex.def)             Requested size: 276.00105pt x 222.32707pt.
[11 <./thrust_1.png>]
<thrust_2.png, id=67, 432.11438pt x 372.64218pt>
File: thrust_2.png Graphic file (type png)
<use thrust_2.png>
Package pdftex.def Info: thrust_2.png  used on input line 439.
(pdftex.def)             Requested size: 276.00105pt x 238.02393pt.

Underfull \hbox (badness 10000) in paragraph at lines 445--459

 []


Underfull \hbox (badness 10000) in paragraph at lines 445--459

 []


Underfull \hbox (badness 10000) in paragraph at lines 445--459

 []

[12 <./failuer_1.png> <./thrust_2.png>]
<failure_2.png, id=73, 764.10469pt x 616.55344pt>
File: failure_2.png Graphic file (type png)
<use failure_2.png>
Package pdftex.def Info: failure_2.png  used on input line 479.
(pdftex.def)             Requested size: 276.00105pt x 222.70229pt.
<thrust_3.png, id=74, 427.5975pt x 377.15906pt>
File: thrust_3.png Graphic file (type png)
<use thrust_3.png>
Package pdftex.def Info: thrust_3.png  used on input line 486.
(pdftex.def)             Requested size: 276.00105pt x 243.44125pt.
[13 <./failure_2.png>] [14 <./thrust_3.png>] [15] [16]
Overfull \hbox (3.10254pt too wide) in paragraph at lines 654--657
[]\OT1/cmr/m/n/10 Teng, Ru-min, et al. \Dy-namic Mod-el-ing and Sim-u-la-tion of Roller Coaster."
 []


Underfull \hbox (badness 10000) in paragraph at lines 660--664

 []

[17] [18] (./output.aux)
 ***********
LaTeX2e <2023-11-01> patch level 1
L3 programming layer <2024-03-14>
 ***********

LaTeX Warning: There were multiply-defined labels.

 ) 
Here is how much of TeX's memory you used:
 2281 strings out of 474104
 35857 string characters out of 5743486
 1935493 words of memory out of 5000000
 24660 multiletter control sequences out of 15000+600000
 564492 words of font info for 58 fonts, out of 8000000 for 9000
 1141 hyphenation exceptions out of 8191
 57i,7n,65p,217b,262s stack positions out of 10000i,1000n,20000p,200000b,200000s
</usr/local/texlive/2024/texmf-dist/fonts/type1/public/amsfonts/cm/cmbx10.pfb></usr/local/texlive/2024/texmf-dist/fonts/type1/public/amsfonts/cm/cmbx12.pfb></usr/local/texlive/2024/texmf-dist/fonts/type1/public/amsfonts/cm/cmbxti10.pfb></usr/local/texlive/2024/texmf-dist/fonts/type1/public/amsfonts/cm/cmex10.pfb></usr/local/texlive/2024/texmf-dist/fonts/type1/public/amsfonts/cm/cmmi10.pfb></usr/local/texlive/2024/texmf-dist/fonts/type1/public/amsfonts/cm/cmmi7.pfb></usr/local/texlive/2024/texmf-dist/fonts/type1/public/amsfonts/cm/cmr10.pfb></usr/local/texlive/2024/texmf-dist/fonts/type1/public/amsfonts/cm/cmr12.pfb></usr/local/texlive/2024/texmf-dist/fonts/type1/public/amsfonts/cm/cmr17.pfb></usr/local/texlive/2024/texmf-dist/fonts/type1/public/amsfonts/cm/cmr7.pfb></usr/local/texlive/2024/texmf-dist/fonts/type1/public/amsfonts/cm/cmsy10.pfb></usr/local/texlive/2024/texmf-dist/fonts/type1/public/amsfonts/cm/cmsy7.pfb></usr/local/texlive/2024/texmf-dist/fonts/type1/public/amsfonts/cm/cmti10.pfb></usr/local/t
exlive/2024/texmf-dist/fonts/type1/public/cm-super/sfrm1000.pfb>
Output written on output.pdf (18 pages, 912651 bytes).
PDF statistics:
 156 PDF objects out of 1000 (max. 8388607)
 85 compressed objects within 1 object stream
 0 named destinations out of 1000 (max. 500000)
 56 words of extra memory for PDF output out of 10000 (max. 10000000)

