This is pdfTeX, Version 3.141592653-2.6-1.40.26 (TeX Live 2024) (preloaded format=pdflatex 2024.11.11)  14 DEC 2024 11:42
entering extended mode
 restricted \write18 enabled.
 file:line:error style messages enabled.
 %&-line parsing enabled.
**"d:/Vault/Academics/Simulation Software in Robotics/SIM_PRO/Final_Project/cleaned_up_version/cleaned/Report/main.tex"
(d:/Vault/Academics/Simulation Software in Robotics/SIM_PRO/Final_Project/cleaned_up_version/cleaned/Report/main.tex
LaTeX2e <2024-11-01>
L3 programming layer <2024-11-02>
(c:/texlive/2024/texmf-dist/tex/latex/base/article.cls
Document Class: article 2024/06/29 v1.4n Standard LaTeX document class
(c:/texlive/2024/texmf-dist/tex/latex/base/size10.clo
File: size10.clo 2024/06/29 v1.4n Standard LaTeX file (size option)
)
\c@part=\count196
\c@section=\count197
\c@subsection=\count198
\c@subsubsection=\count199
\c@paragraph=\count266
\c@subparagraph=\count267
\c@figure=\count268
\c@table=\count269
\abovecaptionskip=\skip49
\belowcaptionskip=\skip50
\bibindent=\dimen141
) (c:/texlive/2024/texmf-dist/tex/latex/graphics/graphicx.sty
Package: graphicx 2021/09/16 v1.2d Enhanced LaTeX Graphics (DPC,SPQR)
 (c:/texlive/2024/texmf-dist/tex/latex/graphics/keyval.sty
Package: keyval 2022/05/29 v1.15 key=value parser (DPC)
\KV@toks@=\toks17
) (c:/texlive/2024/texmf-dist/tex/latex/graphics/graphics.sty
Package: graphics 2024/08/06 v1.4g Standard LaTeX Graphics (DPC,SPQR)
 (c:/texlive/2024/texmf-dist/tex/latex/graphics/trig.sty
Package: trig 2023/12/02 v1.11 sin cos tan (DPC)
) (c:/texlive/2024/texmf-dist/tex/latex/graphics-cfg/graphics.cfg
File: graphics.cfg 2016/06/04 v1.11 sample graphics configuration
)
Package graphics Info: Driver file: pdftex.def on input line 106.
 (c:/texlive/2024/texmf-dist/tex/latex/graphics-def/pdftex.def
File: pdftex.def 2024/04/13 v1.2c Graphics/color driver for pdftex
))
\Gin@req@height=\dimen142
\Gin@req@width=\dimen143
) (c:/texlive/2024/texmf-dist/tex/latex/amsmath/amsmath.sty
Package: amsmath 2024/11/05 v2.17t AMS math features
\@mathmargin=\skip51

For additional information on amsmath, use the `?' option.
(c:/texlive/2024/texmf-dist/tex/latex/amsmath/amstext.sty
Package: amstext 2021/08/26 v2.01 AMS text
 (c:/texlive/2024/texmf-dist/tex/latex/amsmath/amsgen.sty
File: amsgen.sty 1999/11/30 v2.0 generic functions
\@emptytoks=\toks18
\ex@=\dimen144
)) (c:/texlive/2024/texmf-dist/tex/latex/amsmath/amsbsy.sty
Package: amsbsy 1999/11/29 v1.2d Bold Symbols
\pmbraise@=\dimen145
) (c:/texlive/2024/texmf-dist/tex/latex/amsmath/amsopn.sty
Package: amsopn 2022/04/08 v2.04 operator names
)
\inf@bad=\count270
LaTeX Info: Redefining \frac on input line 233.
\uproot@=\count271
\leftroot@=\count272
LaTeX Info: Redefining \overline on input line 398.
LaTeX Info: Redefining \colon on input line 409.
\classnum@=\count273
\DOTSCASE@=\count274
LaTeX Info: Redefining \ldots on input line 495.
LaTeX Info: Redefining \dots on input line 498.
LaTeX Info: Redefining \cdots on input line 619.
\Mathstrutbox@=\box52
\strutbox@=\box53
LaTeX Info: Redefining \big on input line 721.
LaTeX Info: Redefining \Big on input line 722.
LaTeX Info: Redefining \bigg on input line 723.
LaTeX Info: Redefining \Bigg on input line 724.
\big@size=\dimen146
LaTeX Font Info:    Redeclaring font encoding OML on input line 742.
LaTeX Font Info:    Redeclaring font encoding OMS on input line 743.
\macc@depth=\count275
LaTeX Info: Redefining \bmod on input line 904.
LaTeX Info: Redefining \pmod on input line 909.
LaTeX Info: Redefining \smash on input line 939.
LaTeX Info: Redefining \relbar on input line 969.
LaTeX Info: Redefining \Relbar on input line 970.
\c@MaxMatrixCols=\count276
\dotsspace@=\muskip17
\c@parentequation=\count277
\dspbrk@lvl=\count278
\tag@help=\toks19
\row@=\count279
\column@=\count280
\maxfields@=\count281
\andhelp@=\toks20
\eqnshift@=\dimen147
\alignsep@=\dimen148
\tagshift@=\dimen149
\tagwidth@=\dimen150
\totwidth@=\dimen151
\lineht@=\dimen152
\@envbody=\toks21
\multlinegap=\skip52
\multlinetaggap=\skip53
\mathdisplay@stack=\toks22
LaTeX Info: Redefining \[ on input line 2953.
LaTeX Info: Redefining \] on input line 2954.
) (c:/texlive/2024/texmf-dist/tex/latex/cite/cite.sty
LaTeX Info: Redefining \cite on input line 302.
LaTeX Info: Redefining \nocite on input line 332.
Package: cite 2015/02/27  v 5.5
) (c:/texlive/2024/texmf-dist/tex/latex/float/float.sty
Package: float 2001/11/08 v1.3d Float enhancements (AL)
\c@float@type=\count282
\float@exts=\toks23
\float@box=\box54
\@float@everytoks=\toks24
\@floatcapt=\box55
) (c:/texlive/2024/texmf-dist/tex/latex/l3backend/l3backend-pdftex.def
File: l3backend-pdftex.def 2024-05-08 L3 backend support: PDF output (pdfTeX)
\l__color_backend_stack_int=\count283
\l__pdf_internal_box=\box56
) (out/main.aux

LaTeX Warning: Label `fig:enter-label' multiply defined.


LaTeX Warning: Label `fig:enter-label' multiply defined.


LaTeX Warning: Label `fig:enter-label' multiply defined.

)
\openout1 = `main.aux'.

LaTeX Font Info:    Checking defaults for OML/cmm/m/it on input line 11.
LaTeX Font Info:    ... okay on input line 11.
LaTeX Font Info:    Checking defaults for OMS/cmsy/m/n on input line 11.
LaTeX Font Info:    ... okay on input line 11.
LaTeX Font Info:    Checking defaults for OT1/cmr/m/n on input line 11.
LaTeX Font Info:    ... okay on input line 11.
LaTeX Font Info:    Checking defaults for T1/cmr/m/n on input line 11.
LaTeX Font Info:    ... okay on input line 11.
LaTeX Font Info:    Checking defaults for TS1/cmr/m/n on input line 11.
LaTeX Font Info:    ... okay on input line 11.
LaTeX Font Info:    Checking defaults for OMX/cmex/m/n on input line 11.
LaTeX Font Info:    ... okay on input line 11.
LaTeX Font Info:    Checking defaults for U/cmr/m/n on input line 11.
LaTeX Font Info:    ... okay on input line 11.
 (c:/texlive/2024/texmf-dist/tex/context/base/mkii/supp-pdf.mkii
[Loading MPS to PDF converter (version 2006.09.02).]
\scratchcounter=\count284
\scratchdimen=\dimen153
\scratchbox=\box57
\nofMPsegments=\count285
\nofMParguments=\count286
\everyMPshowfont=\toks25
\MPscratchCnt=\count287
\MPscratchDim=\dimen154
\MPnumerator=\count288
\makeMPintoPDFobject=\count289
\everyMPtoPDFconversion=\toks26
) (c:/texlive/2024/texmf-dist/tex/latex/epstopdf-pkg/epstopdf-base.sty
Package: epstopdf-base 2020-01-24 v2.11 Base part for package epstopdf
Package epstopdf-base Info: Redefining graphics rule for `.eps' on input line 485.
 (c:/texlive/2024/texmf-dist/tex/latex/latexconfig/epstopdf-sys.cfg
File: epstopdf-sys.cfg 2010/07/13 v1.3 Configuration of (r)epstopdf for TeX Live
))
Underfull \hbox (badness 10000) in paragraph at lines 39--59

 []



[1

{c:/texlive/2024/texmf-var/fonts/map/pdftex/updmap/pdftex.map}]

[2{c:/texlive/2024/texmf-dist/fonts/enc/dvips/cm-super/cm-super-ts1.enc}]

[3]
Underfull \hbox (badness 10000) in paragraph at lines 155--161

 []


Underfull \hbox (badness 10000) in paragraph at lines 164--169

 []


Underfull \hbox (badness 10000) in paragraph at lines 164--169

 []

<./Snapshots/system_integration.png, id=24, 900.36375pt x 520.19344pt>
File: ./Snapshots/system_integration.png Graphic file (type png)
<use ./Snapshots/system_integration.png>
Package pdftex.def Info: ./Snapshots/system_integration.png  used on input line 194.
(pdftex.def)             Requested size: 310.4979pt x 179.39548pt.
<./Snapshots/Main_Block.png, id=26, 865.73438pt x 478.78876pt>
File: ./Snapshots/Main_Block.png Graphic file (type png)
<use ./Snapshots/Main_Block.png>
Package pdftex.def Info: ./Snapshots/Main_Block.png  used on input line 204.
(pdftex.def)             Requested size: 345.0pt x 190.79614pt.


[4 <./Snapshots/system_integration.png>]
<./Snapshots/Screenshot 2024-12-08 042938.png, id=32, 829.59938pt x 511.9125pt>
File: ./Snapshots/Screenshot 2024-12-08 042938.png Graphic file (type png)
<use ./Snapshots/Screenshot 2024-12-08 042938.png>
Package pdftex.def Info: ./Snapshots/Screenshot 2024-12-08 042938.png  used on input line 234.
(pdftex.def)             Requested size: 310.4979pt x 191.59178pt.


[5 <./Snapshots/Main_Block.png>]
<./Snapshots/air_resistance.png, id=37, 635.37375pt x 258.21469pt>
File: ./Snapshots/air_resistance.png Graphic file (type png)
<use ./Snapshots/air_resistance.png>
Package pdftex.def Info: ./Snapshots/air_resistance.png  used on input line 249.
(pdftex.def)             Requested size: 241.49895pt x 98.14622pt.
<./Snapshots/friction_gravity.png, id=38, 734.745pt x 408.02437pt>
File: ./Snapshots/friction_gravity.png Graphic file (type png)
<use ./Snapshots/friction_gravity.png>
Package pdftex.def Info: ./Snapshots/friction_gravity.png  used on input line 263.
(pdftex.def)             Requested size: 241.49895pt x 134.1068pt.


[6 <./Snapshots/Screenshot 2024-12-08 042938.png> <./Snapshots/air_resistance.png>]

[7 <./Snapshots/friction_gravity.png>]
Underfull \hbox (badness 10000) in paragraph at lines 362--372

 []


Underfull \hbox (badness 10000) in paragraph at lines 362--372

 []


Underfull \hbox (badness 10000) in paragraph at lines 362--372

 []



[8]
<success_1.png, id=53, 755.82375pt x 610.53094pt>
File: success_1.png Graphic file (type png)
<use success_1.png>
Package pdftex.def Info: success_1.png  used on input line 392.
(pdftex.def)             Requested size: 276.00105pt x 222.93976pt.


[9]
<thrust_1.png, id=57, 423.83344pt x 377.15906pt>
File: thrust_1.png Graphic file (type png)
<use thrust_1.png>
Package pdftex.def Info: thrust_1.png  used on input line 402.
(pdftex.def)             Requested size: 276.00105pt x 245.61664pt.

Underfull \hbox (badness 10000) in paragraph at lines 396--405

 []



[10 <./success_1.png>]
Underfull \hbox (badness 10000) in paragraph at lines 407--412

 []


Underfull \hbox (badness 10000) in paragraph at lines 407--412

 []

<failuer_1.png, id=62, 762.59906pt x 614.295pt>
File: failuer_1.png Graphic file (type png)
<use failuer_1.png>
Package pdftex.def Info: failuer_1.png  used on input line 432.
(pdftex.def)             Requested size: 276.00105pt x 222.32707pt.


[11 <./thrust_1.png>]
<thrust_2.png, id=67, 432.11438pt x 372.64218pt>
File: thrust_2.png Graphic file (type png)
<use thrust_2.png>
Package pdftex.def Info: thrust_2.png  used on input line 439.
(pdftex.def)             Requested size: 276.00105pt x 238.02393pt.

Underfull \hbox (badness 10000) in paragraph at lines 445--459

 []


Underfull \hbox (badness 10000) in paragraph at lines 445--459

 []


Underfull \hbox (badness 10000) in paragraph at lines 445--459

 []



[12 <./failuer_1.png> <./thrust_2.png>]
<failure_2.png, id=73, 764.10469pt x 616.55344pt>
File: failure_2.png Graphic file (type png)
<use failure_2.png>
Package pdftex.def Info: failure_2.png  used on input line 479.
(pdftex.def)             Requested size: 276.00105pt x 222.70229pt.
<thrust_3.png, id=74, 427.5975pt x 377.15906pt>
File: thrust_3.png Graphic file (type png)
<use thrust_3.png>
Package pdftex.def Info: thrust_3.png  used on input line 486.
(pdftex.def)             Requested size: 276.00105pt x 243.44125pt.


[13 <./failure_2.png>]

[14 <./thrust_3.png>]

[15]

[16]
Overfull \hbox (3.10254pt too wide) in paragraph at lines 654--657
[]\OT1/cmr/m/n/10 Teng, Ru-min, et al. \Dy-namic Mod-el-ing and Sim-u-la-tion of Roller Coaster."
 []


Underfull \hbox (badness 10000) in paragraph at lines 660--664

 []



[17]

[18] (out/main.aux)
 ***********
LaTeX2e <2024-11-01>
L3 programming layer <2024-11-02>
 ***********


LaTeX Warning: There were multiply-defined labels.

 ) 
Here is how much of TeX's memory you used:
 2296 strings out of 473362
 36012 string characters out of 5725050
 430056 words of memory out of 5000000
 25410 multiletter control sequences out of 15000+600000
 564492 words of font info for 58 fonts, out of 8000000 for 9000
 1141 hyphenation exceptions out of 8191
 57i,7n,65p,326b,262s stack positions out of 10000i,1000n,20000p,200000b,200000s
<c:/texlive/2024/texmf-dist/fonts/type1/public/amsfonts/cm/cmbx10.pfb><c:/texlive/2024/texmf-dist/fonts/type1/public/amsfonts/cm/cmbx12.pfb><c:/texlive/2024/texmf-dist/fonts/type1/public/amsfonts/cm/cmbxti10.pfb><c:/texlive/2024/texmf-dist/fonts/type1/public/amsfonts/cm/cmex10.pfb><c:/texlive/2024/texmf-dist/fonts/type1/public/amsfonts/cm/cmmi10.pfb><c:/texlive/2024/texmf-dist/fonts/type1/public/amsfonts/cm/cmmi7.pfb><c:/texlive/2024/texmf-dist/fonts/type1/public/amsfonts/cm/cmr10.pfb><c:/texlive/2024/texmf-dist/fonts/type1/public/amsfonts/cm/cmr12.pfb><c:/texlive/2024/texmf-dist/fonts/type1/public/amsfonts/cm/cmr17.pfb><c:/texlive/2024/texmf-dist/fonts/type1/public/amsfonts/cm/cmr7.pfb><c:/texlive/2024/texmf-dist/fonts/type1/public/amsfonts/cm/cmsy10.pfb><c:/texlive/2024/texmf-dist/fonts/type1/public/amsfonts/cm/cmsy7.pfb><c:/texlive/2024/texmf-dist/fonts/type1/public/amsfonts/cm/cmti10.pfb><c:/texlive/2024/texmf-dist/fonts/type1/public/cm-super/sfrm1000.pfb>
Output written on out/main.pdf (18 pages, 828132 bytes).
PDF statistics:
 156 PDF objects out of 1000 (max. 8388607)
 85 compressed objects within 1 object stream
 0 named destinations out of 1000 (max. 500000)
 56 words of extra memory for PDF output out of 10000 (max. 10000000)

